2022-11-30 13:23:18,441 - instabot version: 0.117.0 (bot) - INFO - Instabot version: 0.117.0 Started
2022-11-30 13:23:18,442 - instabot version: 0.117.0 (bot) - DEBUG - Bot imported from C:\Users\angel\AppData\Local\Programs\Python\Python310\lib\site-packages\instabot\bot\bot.py
2022-11-30 13:23:18,444 - instabot version: 0.117.0 (api_login) - DEBUG - Loading cookies
2022-11-30 13:23:18,444 - instabot version: 0.117.0 (api_login) - DEBUG - Loading uuids
2022-11-30 13:23:18,444 - instabot version: 0.117.0 (api_login) - INFO - Recovery from C:\Users\angel\OneDrive\Desktop\ODISHA/config/eagle_eye_odisha_uuid_and_cookie.json: COOKIE True - UUIDs True - TIMING, DEVICE and ...
- user-agent=Instagram 117.0.0.28.123 Android (28/9.0; 420dpi; 1080x1920; OnePlus; ONEPLUS A3003; OnePlus3; qcom; en_US; 180322800)
- phone_id=9ebce813-461d-421c-9859-0960c47cd847
- uuid=1381332e-a701-454e-801d-bccade877849
- client_session_id=333f6cfa-9278-4239-abc3-2c4265511390
- device_id=android-964b97e8f8558f12
2022-11-30 13:23:18,447 - instabot version: 0.117.0 (api_login) - INFO - LOGIN FLOW! Just logged-in: False
2022-11-30 13:23:19,433 - instabot version: 0.117.0 (api) - DEBUG - POST to endpoint: feed/timeline/ returned response: <Response [200]>
2022-11-30 13:23:19,963 - instabot version: 0.117.0 (api) - DEBUG - POST to endpoint: feed/reels_tray/ returned response: <Response [200]>
2022-11-30 13:23:19,964 - instabot version: 0.117.0 (api) - INFO - Logged-in successfully as 'eagle_eye_odisha'!
2022-11-30 13:23:19,964 - instabot version: 0.117.0 (bot_checkpoint) - DEBUG - Loading Checkpoint file from: C:\Users\angel\OneDrive\Desktop\ODISHA/config/eagle_eye_odisha.checkpoint
2022-11-30 13:23:28,817 - instabot version: 0.117.0 (api) - DEBUG - GET to endpoint: feed/tag/plant2/?max_id=&rank_token=56755204544_1381332e-a701-454e-801d-bccade877849&ranked_content=true& returned response: <Response [200]>
2022-11-30 13:23:28,825 - instabot version: 0.117.0 (bot_filter) - INFO - Received 29 medias.
2022-11-30 13:23:28,825 - instabot version: 0.117.0 (bot_filter) - INFO - After filtration 29 medias left.
2022-11-30 13:23:28,825 - instabot version: 0.117.0 (bot_photo) - INFO - Going to download 29 medias.
2022-11-30 13:23:31,600 - instabot version: 0.117.0 (api) - DEBUG - GET to endpoint: media/2/info/ returned response: <Response [200]>
2022-11-30 13:23:44,133 - instabot version: 0.117.0 (api) - DEBUG - GET to endpoint: media/9/info/ returned response: <Response [400]>
2022-11-30 13:23:44,133 - instabot version: 0.117.0 (api) - DEBUG - Responsecode indicates error; response content: b'{"message":"Media not found or unavailable","status":"fail"}'
2022-11-30 13:23:44,133 - instabot version: 0.117.0 (api) - ERROR - Request returns 400 error!
2022-11-30 13:23:44,134 - instabot version: 0.117.0 (api) - INFO - Instagram's error message: Media not found or unavailable
2022-11-30 13:23:44,135 - instabot version: 0.117.0 (api) - INFO - Instagram's error message: {}
2022-11-30 13:23:47,515 - instabot version: 0.117.0 (api) - DEBUG - GET to endpoint: media/4/info/ returned response: <Response [200]>
2022-11-30 13:23:59,871 - instabot version: 0.117.0 (api) - DEBUG - GET to endpoint: media/7/info/ returned response: <Response [200]>
2022-11-30 13:24:12,998 - instabot version: 0.117.0 (api) - DEBUG - GET to endpoint: media/4/info/ returned response: <Response [200]>
2022-11-30 13:24:25,784 - instabot version: 0.117.0 (api) - DEBUG - GET to endpoint: media/4/info/ returned response: <Response [200]>
2022-11-30 13:24:37,732 - instabot version: 0.117.0 (api) - DEBUG - GET to endpoint: media/9/info/ returned response: <Response [400]>
2022-11-30 13:24:37,732 - instabot version: 0.117.0 (api) - DEBUG - Responsecode indicates error; response content: b'{"message":"Media not found or unavailable","status":"fail"}'
2022-11-30 13:24:37,732 - instabot version: 0.117.0 (api) - ERROR - Request returns 400 error!
2022-11-30 13:24:37,734 - instabot version: 0.117.0 (api) - INFO - Instagram's error message: Media not found or unavailable
2022-11-30 13:24:37,734 - instabot version: 0.117.0 (api) - INFO - Instagram's error message: {}
2022-11-30 13:24:41,619 - instabot version: 0.117.0 (api) - DEBUG - GET to endpoint: media/8/info/ returned response: <Response [400]>
2022-11-30 13:24:41,620 - instabot version: 0.117.0 (api) - DEBUG - Responsecode indicates error; response content: b'{"message":"Media not found or unavailable","status":"fail"}'
2022-11-30 13:24:41,620 - instabot version: 0.117.0 (api) - ERROR - Request returns 400 error!
2022-11-30 13:24:41,621 - instabot version: 0.117.0 (api) - INFO - Instagram's error message: Media not found or unavailable
2022-11-30 13:24:41,621 - instabot version: 0.117.0 (api) - INFO - Instagram's error message: {}
2022-11-30 13:24:44,202 - instabot version: 0.117.0 (api) - DEBUG - GET to endpoint: media/3/info/ returned response: <Response [200]>
2022-11-30 13:24:58,193 - instabot version: 0.117.0 (api) - DEBUG - GET to endpoint: media/5/info/ returned response: <Response [400]>
2022-11-30 13:24:58,193 - instabot version: 0.117.0 (api) - DEBUG - Responsecode indicates error; response content: b'{"message":"Media not found or unavailable","status":"fail"}'
2022-11-30 13:24:58,193 - instabot version: 0.117.0 (api) - ERROR - Request returns 400 error!
2022-11-30 13:24:58,194 - instabot version: 0.117.0 (api) - INFO - Instagram's error message: Media not found or unavailable
2022-11-30 13:24:58,195 - instabot version: 0.117.0 (api) - INFO - Instagram's error message: {}
2022-11-30 13:25:01,544 - instabot version: 0.117.0 (api) - DEBUG - GET to endpoint: media/2/info/ returned response: <Response [200]>
2022-11-30 13:25:14,355 - instabot version: 0.117.0 (api) - DEBUG - GET to endpoint: media/7/info/ returned response: <Response [200]>
2022-11-30 13:25:27,285 - instabot version: 0.117.0 (api) - DEBUG - GET to endpoint: media/1/info/ returned response: <Response [400]>
2022-11-30 13:25:27,285 - instabot version: 0.117.0 (api) - DEBUG - Responsecode indicates error; response content: b'{"message":"Media not found or unavailable","status":"fail"}'
2022-11-30 13:25:27,285 - instabot version: 0.117.0 (api) - ERROR - Request returns 400 error!
2022-11-30 13:25:27,285 - instabot version: 0.117.0 (api) - INFO - Instagram's error message: Media not found or unavailable
2022-11-30 13:25:27,285 - instabot version: 0.117.0 (api) - INFO - Instagram's error message: {}
2022-11-30 13:25:28,548 - instabot version: 0.117.0 (api) - DEBUG - GET to endpoint: media/5/info/ returned response: <Response [400]>
2022-11-30 13:25:28,548 - instabot version: 0.117.0 (api) - DEBUG - Responsecode indicates error; response content: b'{"message":"Media not found or unavailable","status":"fail"}'
2022-11-30 13:25:28,548 - instabot version: 0.117.0 (api) - ERROR - Request returns 400 error!
2022-11-30 13:25:28,549 - instabot version: 0.117.0 (api) - INFO - Instagram's error message: Media not found or unavailable
2022-11-30 13:25:28,550 - instabot version: 0.117.0 (api) - INFO - Instagram's error message: {}
2022-11-30 13:25:29,795 - instabot version: 0.117.0 (api) - DEBUG - GET to endpoint: media/8/info/ returned response: <Response [400]>
2022-11-30 13:25:29,795 - instabot version: 0.117.0 (api) - DEBUG - Responsecode indicates error; response content: b'{"message":"Media not found or unavailable","status":"fail"}'
2022-11-30 13:25:29,795 - instabot version: 0.117.0 (api) - ERROR - Request returns 400 error!
2022-11-30 13:25:29,796 - instabot version: 0.117.0 (api) - INFO - Instagram's error message: Media not found or unavailable
2022-11-30 13:25:29,797 - instabot version: 0.117.0 (api) - INFO - Instagram's error message: {}
2022-11-30 13:25:31,457 - instabot version: 0.117.0 (api) - DEBUG - GET to endpoint: media/9/info/ returned response: <Response [400]>
2022-11-30 13:25:31,457 - instabot version: 0.117.0 (api) - DEBUG - Responsecode indicates error; response content: b'{"message":"Media not found or unavailable","status":"fail"}'
2022-11-30 13:25:31,458 - instabot version: 0.117.0 (api) - ERROR - Request returns 400 error!
2022-11-30 13:25:31,459 - instabot version: 0.117.0 (api) - INFO - Instagram's error message: Media not found or unavailable
2022-11-30 13:25:31,459 - instabot version: 0.117.0 (api) - INFO - Instagram's error message: {}
2022-11-30 13:25:33,183 - instabot version: 0.117.0 (api) - DEBUG - GET to endpoint: media/6/info/ returned response: <Response [200]>
2022-11-30 13:25:45,901 - instabot version: 0.117.0 (api) - DEBUG - GET to endpoint: media/9/info/ returned response: <Response [400]>
2022-11-30 13:25:45,901 - instabot version: 0.117.0 (api) - DEBUG - Responsecode indicates error; response content: b'{"message":"Media not found or unavailable","status":"fail"}'
2022-11-30 13:25:45,901 - instabot version: 0.117.0 (api) - ERROR - Request returns 400 error!
2022-11-30 13:25:45,901 - instabot version: 0.117.0 (api) - INFO - Instagram's error message: Media not found or unavailable
2022-11-30 13:25:45,901 - instabot version: 0.117.0 (api) - INFO - Instagram's error message: {}
2022-11-30 13:25:47,927 - instabot version: 0.117.0 (api) - DEBUG - GET to endpoint: media/5/info/ returned response: <Response [400]>
2022-11-30 13:25:47,927 - instabot version: 0.117.0 (api) - DEBUG - Responsecode indicates error; response content: b'{"message":"Media not found or unavailable","status":"fail"}'
2022-11-30 13:25:47,928 - instabot version: 0.117.0 (api) - ERROR - Request returns 400 error!
2022-11-30 13:25:47,929 - instabot version: 0.117.0 (api) - INFO - Instagram's error message: Media not found or unavailable
2022-11-30 13:25:47,930 - instabot version: 0.117.0 (api) - INFO - Instagram's error message: {}
2022-11-30 13:25:49,522 - instabot version: 0.117.0 (api) - DEBUG - GET to endpoint: media/_/info/ returned response: <Response [400]>
2022-11-30 13:25:49,522 - instabot version: 0.117.0 (api) - DEBUG - Responsecode indicates error; response content: b'{"message":"Invalid media_id _","status":"fail"}'
2022-11-30 13:25:49,523 - instabot version: 0.117.0 (api) - ERROR - Request returns 400 error!
2022-11-30 13:25:49,523 - instabot version: 0.117.0 (api) - INFO - Instagram's error message: Invalid media_id _
2022-11-30 13:25:49,524 - instabot version: 0.117.0 (api) - INFO - Instagram's error message: {}
2022-11-30 13:25:52,816 - instabot version: 0.117.0 (api) - DEBUG - GET to endpoint: media/5/info/ returned response: <Response [400]>
2022-11-30 13:25:52,816 - instabot version: 0.117.0 (api) - DEBUG - Responsecode indicates error; response content: b'{"message":"Media not found or unavailable","status":"fail"}'
2022-11-30 13:25:52,816 - instabot version: 0.117.0 (api) - ERROR - Request returns 400 error!
2022-11-30 13:25:52,816 - instabot version: 0.117.0 (api) - INFO - Instagram's error message: Media not found or unavailable
2022-11-30 13:25:52,817 - instabot version: 0.117.0 (api) - INFO - Instagram's error message: {}
2022-11-30 13:25:56,479 - instabot version: 0.117.0 (api) - DEBUG - GET to endpoint: media/4/info/ returned response: <Response [200]>
2022-11-30 13:26:08,338 - instabot version: 0.117.0 (api) - DEBUG - GET to endpoint: media/5/info/ returned response: <Response [400]>
2022-11-30 13:26:08,338 - instabot version: 0.117.0 (api) - DEBUG - Responsecode indicates error; response content: b'{"message":"Media not found or unavailable","status":"fail"}'
2022-11-30 13:26:08,338 - instabot version: 0.117.0 (api) - ERROR - Request returns 400 error!
2022-11-30 13:26:08,339 - instabot version: 0.117.0 (api) - INFO - Instagram's error message: Media not found or unavailable
2022-11-30 13:26:08,340 - instabot version: 0.117.0 (api) - INFO - Instagram's error message: {}
2022-11-30 13:26:12,198 - instabot version: 0.117.0 (api) - DEBUG - GET to endpoint: media/8/info/ returned response: <Response [400]>
2022-11-30 13:26:12,198 - instabot version: 0.117.0 (api) - DEBUG - Responsecode indicates error; response content: b'{"message":"Media not found or unavailable","status":"fail"}'
2022-11-30 13:26:12,198 - instabot version: 0.117.0 (api) - ERROR - Request returns 400 error!
2022-11-30 13:26:12,199 - instabot version: 0.117.0 (api) - INFO - Instagram's error message: Media not found or unavailable
2022-11-30 13:26:12,200 - instabot version: 0.117.0 (api) - INFO - Instagram's error message: {}
2022-11-30 13:26:14,041 - instabot version: 0.117.0 (api) - DEBUG - GET to endpoint: media/8/info/ returned response: <Response [400]>
2022-11-30 13:26:14,041 - instabot version: 0.117.0 (api) - DEBUG - Responsecode indicates error; response content: b'{"message":"Media not found or unavailable","status":"fail"}'
2022-11-30 13:26:14,042 - instabot version: 0.117.0 (api) - ERROR - Request returns 400 error!
2022-11-30 13:26:14,042 - instabot version: 0.117.0 (api) - INFO - Instagram's error message: Media not found or unavailable
2022-11-30 13:26:14,043 - instabot version: 0.117.0 (api) - INFO - Instagram's error message: {}
2022-11-30 13:26:16,580 - instabot version: 0.117.0 (api) - DEBUG - GET to endpoint: media/4/info/ returned response: <Response [200]>
2022-11-30 13:26:28,228 - instabot version: 0.117.0 (api) - DEBUG - GET to endpoint: media/1/info/ returned response: <Response [400]>
2022-11-30 13:26:28,229 - instabot version: 0.117.0 (api) - DEBUG - Responsecode indicates error; response content: b'{"message":"Media not found or unavailable","status":"fail"}'
2022-11-30 13:26:28,229 - instabot version: 0.117.0 (api) - ERROR - Request returns 400 error!
2022-11-30 13:26:28,230 - instabot version: 0.117.0 (api) - INFO - Instagram's error message: Media not found or unavailable
2022-11-30 13:26:28,230 - instabot version: 0.117.0 (api) - INFO - Instagram's error message: {}
2022-11-30 13:26:29,823 - instabot version: 0.117.0 (api) - DEBUG - GET to endpoint: media/6/info/ returned response: <Response [200]>
2022-11-30 13:26:43,202 - instabot version: 0.117.0 (api) - DEBUG - GET to endpoint: media/5/info/ returned response: <Response [400]>
2022-11-30 13:26:43,202 - instabot version: 0.117.0 (api) - DEBUG - Responsecode indicates error; response content: b'{"message":"Media not found or unavailable","status":"fail"}'
2022-11-30 13:26:43,202 - instabot version: 0.117.0 (api) - ERROR - Request returns 400 error!
2022-11-30 13:26:43,203 - instabot version: 0.117.0 (api) - INFO - Instagram's error message: Media not found or unavailable
2022-11-30 13:26:43,203 - instabot version: 0.117.0 (api) - INFO - Instagram's error message: {}
2022-11-30 13:26:43,206 - instabot version: 0.117.0 (bot_checkpoint) - DEBUG - Saving Checkpoint file to: C:\Users\angel\OneDrive\Desktop\ODISHA/config/eagle_eye_odisha.checkpoint
2022-11-30 13:26:43,207 - instabot version: 0.117.0 (bot) - INFO - Total requests: 126
