2022-11-30 15:52:52,299 - instabot version: 0.117.0 (bot) - INFO - Instabot version: 0.117.0 Started
2022-11-30 15:52:52,299 - instabot version: 0.117.0 (bot) - DEBUG - Bot imported from C:\Users\angel\AppData\Local\Programs\Python\Python310\lib\site-packages\instabot\bot\bot.py
2022-11-30 15:52:52,300 - instabot version: 0.117.0 (api_login) - DEBUG - Loading cookies
2022-11-30 15:52:52,300 - instabot version: 0.117.0 (api_login) - DEBUG - Loading uuids
2022-11-30 15:52:52,300 - instabot version: 0.117.0 (api_login) - INFO - Recovery from C:\Users\angel\OneDrive\Desktop\ODISHA/config/eagle_eye_odisha_uuid_and_cookie.json: COOKIE True - UUIDs True - TIMING, DEVICE and ...
- user-agent=Instagram 117.0.0.28.123 Android (28/9.0; 420dpi; 1080x1920; OnePlus; ONEPLUS A3003; OnePlus3; qcom; en_US; 180322800)
- phone_id=9ebce813-461d-421c-9859-0960c47cd847
- uuid=1381332e-a701-454e-801d-bccade877849
- client_session_id=a95c5448-f18b-4e17-93dd-7ba9ac616694
- device_id=android-964b97e8f8558f12
2022-11-30 15:52:52,301 - instabot version: 0.117.0 (api_login) - INFO - LOGIN FLOW! Just logged-in: False
2022-11-30 15:52:53,844 - instabot version: 0.117.0 (api) - DEBUG - POST to endpoint: feed/timeline/ returned response: <Response [200]>
2022-11-30 15:52:54,888 - instabot version: 0.117.0 (api) - DEBUG - POST to endpoint: feed/reels_tray/ returned response: <Response [200]>
2022-11-30 15:52:54,890 - instabot version: 0.117.0 (api) - INFO - Logged-in successfully as 'eagle_eye_odisha'!
2022-11-30 15:52:54,891 - instabot version: 0.117.0 (bot_checkpoint) - DEBUG - Loading Checkpoint file from: C:\Users\angel\OneDrive\Desktop\ODISHA/config/eagle_eye_odisha.checkpoint
2022-11-30 15:52:55,507 - instabot version: 0.117.0 (api) - DEBUG - GET to endpoint: users/a_o_x_o/usernameinfo/ returned response: <Response [200]>
2022-11-30 15:52:56,439 - instabot version: 0.117.0 (api) - DEBUG - GET to endpoint: users/isuckmemes2/usernameinfo/ returned response: <Response [200]>
2022-11-30 15:52:57,760 - instabot version: 0.117.0 (api) - DEBUG - GET to endpoint: users/dop_cusat/usernameinfo/ returned response: <Response [200]>
2022-11-30 15:52:58,529 - instabot version: 0.117.0 (api) - DEBUG - GET to endpoint: users/kyloren.x/usernameinfo/ returned response: <Response [200]>
2022-11-30 15:52:59,154 - instabot version: 0.117.0 (bot_follow) - INFO - Going to follow 4 users.
2022-11-30 15:52:59,178 - instabot version: 0.117.0 (bot_follow) - INFO - DONE: Now following 9 users in total.
2022-11-30 15:52:59,179 - instabot version: 0.117.0 (bot_direct) - INFO - Going to send 4 messages.
2022-11-30 15:53:00,878 - instabot version: 0.117.0 (api) - DEBUG - POST to endpoint: direct_v2/threads/broadcast/text/ returned response: <Response [200]>
2022-11-30 15:54:43,240 - instabot version: 0.117.0 (bot_checkpoint) - DEBUG - Saving Checkpoint file to: C:\Users\angel\OneDrive\Desktop\ODISHA/config/eagle_eye_odisha.checkpoint
2022-11-30 15:54:43,241 - instabot version: 0.117.0 (bot) - INFO - Total follows: 9/50
2022-11-30 15:54:43,241 - instabot version: 0.117.0 (bot) - INFO - Total messages: 1/73
2022-11-30 15:54:43,241 - instabot version: 0.117.0 (bot) - INFO - Total requests: 357
