2022-11-30 13:30:37,195 - instabot version: 0.117.0 (bot) - INFO - Instabot version: 0.117.0 Started
2022-11-30 13:30:37,195 - instabot version: 0.117.0 (bot) - DEBUG - Bot imported from C:\Users\angel\AppData\Local\Programs\Python\Python310\lib\site-packages\instabot\bot\bot.py
2022-11-30 13:30:37,196 - instabot version: 0.117.0 (api_login) - DEBUG - Loading cookies
2022-11-30 13:30:37,196 - instabot version: 0.117.0 (api_login) - DEBUG - Loading uuids
2022-11-30 13:30:37,196 - instabot version: 0.117.0 (api_login) - INFO - Recovery from C:\Users\angel\OneDrive\Desktop\ODISHA/config/eagle_eye_odisha_uuid_and_cookie.json: COOKIE True - UUIDs True - TIMING, DEVICE and ...
- user-agent=Instagram 117.0.0.28.123 Android (28/9.0; 420dpi; 1080x1920; OnePlus; ONEPLUS A3003; OnePlus3; qcom; en_US; 180322800)
- phone_id=9ebce813-461d-421c-9859-0960c47cd847
- uuid=1381332e-a701-454e-801d-bccade877849
- client_session_id=333f6cfa-9278-4239-abc3-2c4265511390
- device_id=android-964b97e8f8558f12
2022-11-30 13:30:37,198 - instabot version: 0.117.0 (api_login) - INFO - LOGIN FLOW! Just logged-in: False
2022-11-30 13:30:38,175 - instabot version: 0.117.0 (api) - DEBUG - POST to endpoint: feed/timeline/ returned response: <Response [200]>
2022-11-30 13:30:38,759 - instabot version: 0.117.0 (api) - DEBUG - POST to endpoint: feed/reels_tray/ returned response: <Response [200]>
2022-11-30 13:30:38,760 - instabot version: 0.117.0 (api) - INFO - Logged-in successfully as 'eagle_eye_odisha'!
2022-11-30 13:30:38,760 - instabot version: 0.117.0 (bot_checkpoint) - DEBUG - Loading Checkpoint file from: C:\Users\angel\OneDrive\Desktop\ODISHA/config/eagle_eye_odisha.checkpoint
2022-11-30 13:30:41,865 - instabot version: 0.117.0 (api) - DEBUG - GET to endpoint: feed/tag/koramgame/?max_id=&rank_token=56755204544_1381332e-a701-454e-801d-bccade877849&ranked_content=true& returned response: <Response [200]>
2022-11-30 13:30:41,869 - instabot version: 0.117.0 (bot_filter) - INFO - Received 29 medias.
2022-11-30 13:30:41,869 - instabot version: 0.117.0 (bot_filter) - INFO - After filtration 29 medias left.
2022-11-30 13:30:41,869 - instabot version: 0.117.0 (bot_photo) - INFO - Going to download 31 medias.
2022-11-30 13:30:45,713 - instabot version: 0.117.0 (api) - DEBUG - GET to endpoint: media/2/info/ returned response: <Response [200]>
2022-11-30 13:30:58,831 - instabot version: 0.117.0 (api) - DEBUG - GET to endpoint: media/9/info/ returned response: <Response [400]>
2022-11-30 13:30:58,831 - instabot version: 0.117.0 (api) - DEBUG - Responsecode indicates error; response content: b'{"message":"Media not found or unavailable","status":"fail"}'
2022-11-30 13:30:58,831 - instabot version: 0.117.0 (api) - ERROR - Request returns 400 error!
2022-11-30 13:30:58,833 - instabot version: 0.117.0 (api) - INFO - Instagram's error message: Media not found or unavailable
2022-11-30 13:30:58,833 - instabot version: 0.117.0 (api) - INFO - Instagram's error message: {}
2022-11-30 13:31:01,352 - instabot version: 0.117.0 (api) - DEBUG - GET to endpoint: media/1/info/ returned response: <Response [400]>
2022-11-30 13:31:01,353 - instabot version: 0.117.0 (api) - DEBUG - Responsecode indicates error; response content: b'{"message":"Media not found or unavailable","status":"fail"}'
2022-11-30 13:31:01,353 - instabot version: 0.117.0 (api) - ERROR - Request returns 400 error!
2022-11-30 13:31:01,354 - instabot version: 0.117.0 (api) - INFO - Instagram's error message: Media not found or unavailable
2022-11-30 13:31:01,354 - instabot version: 0.117.0 (api) - INFO - Instagram's error message: {}
2022-11-30 13:31:03,991 - instabot version: 0.117.0 (api) - DEBUG - GET to endpoint: media/7/info/ returned response: <Response [200]>
2022-11-30 13:31:16,839 - instabot version: 0.117.0 (api) - DEBUG - GET to endpoint: media/2/info/ returned response: <Response [200]>
2022-11-30 13:31:28,574 - instabot version: 0.117.0 (api) - DEBUG - GET to endpoint: media/3/info/ returned response: <Response [200]>
2022-11-30 13:31:40,686 - instabot version: 0.117.0 (api) - DEBUG - GET to endpoint: media/0/info/ returned response: <Response [400]>
2022-11-30 13:31:40,686 - instabot version: 0.117.0 (api) - DEBUG - Responsecode indicates error; response content: b'{"message":"Invalid media_id 0","status":"fail"}'
2022-11-30 13:31:40,687 - instabot version: 0.117.0 (api) - ERROR - Request returns 400 error!
2022-11-30 13:31:40,688 - instabot version: 0.117.0 (api) - INFO - Instagram's error message: Invalid media_id 0
2022-11-30 13:31:40,689 - instabot version: 0.117.0 (api) - INFO - Instagram's error message: {}
2022-11-30 13:31:42,668 - instabot version: 0.117.0 (api) - DEBUG - GET to endpoint: media/1/info/ returned response: <Response [400]>
2022-11-30 13:31:42,669 - instabot version: 0.117.0 (api) - DEBUG - Responsecode indicates error; response content: b'{"message":"Media not found or unavailable","status":"fail"}'
2022-11-30 13:31:42,669 - instabot version: 0.117.0 (api) - ERROR - Request returns 400 error!
2022-11-30 13:31:42,670 - instabot version: 0.117.0 (api) - INFO - Instagram's error message: Media not found or unavailable
2022-11-30 13:31:42,670 - instabot version: 0.117.0 (api) - INFO - Instagram's error message: {}
2022-11-30 13:31:45,726 - instabot version: 0.117.0 (api) - DEBUG - GET to endpoint: media/8/info/ returned response: <Response [400]>
2022-11-30 13:31:45,727 - instabot version: 0.117.0 (api) - DEBUG - Responsecode indicates error; response content: b'{"message":"Media not found or unavailable","status":"fail"}'
2022-11-30 13:31:45,727 - instabot version: 0.117.0 (api) - ERROR - Request returns 400 error!
2022-11-30 13:31:45,727 - instabot version: 0.117.0 (api) - INFO - Instagram's error message: Media not found or unavailable
2022-11-30 13:31:45,727 - instabot version: 0.117.0 (api) - INFO - Instagram's error message: {}
2022-11-30 13:31:48,287 - instabot version: 0.117.0 (api) - DEBUG - GET to endpoint: media/9/info/ returned response: <Response [400]>
2022-11-30 13:31:48,287 - instabot version: 0.117.0 (api) - DEBUG - Responsecode indicates error; response content: b'{"message":"Media not found or unavailable","status":"fail"}'
2022-11-30 13:31:48,287 - instabot version: 0.117.0 (api) - ERROR - Request returns 400 error!
2022-11-30 13:31:48,288 - instabot version: 0.117.0 (api) - INFO - Instagram's error message: Media not found or unavailable
2022-11-30 13:31:48,288 - instabot version: 0.117.0 (api) - INFO - Instagram's error message: {}
2022-11-30 13:31:49,893 - instabot version: 0.117.0 (api) - DEBUG - GET to endpoint: media/5/info/ returned response: <Response [400]>
2022-11-30 13:31:49,894 - instabot version: 0.117.0 (api) - DEBUG - Responsecode indicates error; response content: b'{"message":"Media not found or unavailable","status":"fail"}'
2022-11-30 13:31:49,894 - instabot version: 0.117.0 (api) - ERROR - Request returns 400 error!
2022-11-30 13:31:49,894 - instabot version: 0.117.0 (api) - INFO - Instagram's error message: Media not found or unavailable
2022-11-30 13:31:49,894 - instabot version: 0.117.0 (api) - INFO - Instagram's error message: {}
2022-11-30 13:31:53,440 - instabot version: 0.117.0 (api) - DEBUG - GET to endpoint: media/3/info/ returned response: <Response [200]>
2022-11-30 13:32:07,490 - instabot version: 0.117.0 (api) - DEBUG - GET to endpoint: media/2/info/ returned response: <Response [200]>
2022-11-30 13:32:19,961 - instabot version: 0.117.0 (api) - DEBUG - GET to endpoint: media/7/info/ returned response: <Response [200]>
2022-11-30 13:32:33,252 - instabot version: 0.117.0 (api) - DEBUG - GET to endpoint: media/9/info/ returned response: <Response [400]>
2022-11-30 13:32:33,252 - instabot version: 0.117.0 (api) - DEBUG - Responsecode indicates error; response content: b'{"message":"Media not found or unavailable","status":"fail"}'
2022-11-30 13:32:33,252 - instabot version: 0.117.0 (api) - ERROR - Request returns 400 error!
2022-11-30 13:32:33,252 - instabot version: 0.117.0 (api) - INFO - Instagram's error message: Media not found or unavailable
2022-11-30 13:32:33,252 - instabot version: 0.117.0 (api) - INFO - Instagram's error message: {}
2022-11-30 13:32:35,686 - instabot version: 0.117.0 (api) - DEBUG - GET to endpoint: media/8/info/ returned response: <Response [400]>
2022-11-30 13:32:35,687 - instabot version: 0.117.0 (api) - DEBUG - Responsecode indicates error; response content: b'{"message":"Media not found or unavailable","status":"fail"}'
2022-11-30 13:32:35,687 - instabot version: 0.117.0 (api) - ERROR - Request returns 400 error!
2022-11-30 13:32:35,687 - instabot version: 0.117.0 (api) - INFO - Instagram's error message: Media not found or unavailable
2022-11-30 13:32:35,688 - instabot version: 0.117.0 (api) - INFO - Instagram's error message: {}
2022-11-30 13:32:39,015 - instabot version: 0.117.0 (api) - DEBUG - GET to endpoint: media/0/info/ returned response: <Response [400]>
2022-11-30 13:32:39,016 - instabot version: 0.117.0 (api) - DEBUG - Responsecode indicates error; response content: b'{"message":"Invalid media_id 0","status":"fail"}'
2022-11-30 13:32:39,016 - instabot version: 0.117.0 (api) - ERROR - Request returns 400 error!
2022-11-30 13:32:39,017 - instabot version: 0.117.0 (api) - INFO - Instagram's error message: Invalid media_id 0
2022-11-30 13:32:39,017 - instabot version: 0.117.0 (api) - INFO - Instagram's error message: {}
2022-11-30 13:32:40,950 - instabot version: 0.117.0 (api) - DEBUG - GET to endpoint: media/4/info/ returned response: <Response [200]>
2022-11-30 13:32:54,513 - instabot version: 0.117.0 (api) - DEBUG - GET to endpoint: media/2/info/ returned response: <Response [200]>
2022-11-30 13:33:06,427 - instabot version: 0.117.0 (api) - DEBUG - GET to endpoint: media/_/info/ returned response: <Response [400]>
2022-11-30 13:33:06,427 - instabot version: 0.117.0 (api) - DEBUG - Responsecode indicates error; response content: b'{"message":"Invalid media_id _","status":"fail"}'
2022-11-30 13:33:06,427 - instabot version: 0.117.0 (api) - ERROR - Request returns 400 error!
2022-11-30 13:33:06,428 - instabot version: 0.117.0 (api) - INFO - Instagram's error message: Invalid media_id _
2022-11-30 13:33:06,428 - instabot version: 0.117.0 (api) - INFO - Instagram's error message: {}
2022-11-30 13:33:10,291 - instabot version: 0.117.0 (api) - DEBUG - GET to endpoint: media/5/info/ returned response: <Response [400]>
2022-11-30 13:33:10,291 - instabot version: 0.117.0 (api) - DEBUG - Responsecode indicates error; response content: b'{"message":"Media not found or unavailable","status":"fail"}'
2022-11-30 13:33:10,291 - instabot version: 0.117.0 (api) - ERROR - Request returns 400 error!
2022-11-30 13:33:10,292 - instabot version: 0.117.0 (api) - INFO - Instagram's error message: Media not found or unavailable
2022-11-30 13:33:10,293 - instabot version: 0.117.0 (api) - INFO - Instagram's error message: {}
2022-11-30 13:33:12,495 - instabot version: 0.117.0 (api) - DEBUG - GET to endpoint: media/5/info/ returned response: <Response [400]>
2022-11-30 13:33:12,496 - instabot version: 0.117.0 (api) - DEBUG - Responsecode indicates error; response content: b'{"message":"Media not found or unavailable","status":"fail"}'
2022-11-30 13:33:12,496 - instabot version: 0.117.0 (api) - ERROR - Request returns 400 error!
2022-11-30 13:33:12,497 - instabot version: 0.117.0 (api) - INFO - Instagram's error message: Media not found or unavailable
2022-11-30 13:33:12,497 - instabot version: 0.117.0 (api) - INFO - Instagram's error message: {}
2022-11-30 13:33:15,468 - instabot version: 0.117.0 (api) - DEBUG - GET to endpoint: media/0/info/ returned response: <Response [400]>
2022-11-30 13:33:15,469 - instabot version: 0.117.0 (api) - DEBUG - Responsecode indicates error; response content: b'{"message":"Invalid media_id 0","status":"fail"}'
2022-11-30 13:33:15,469 - instabot version: 0.117.0 (api) - ERROR - Request returns 400 error!
2022-11-30 13:33:15,470 - instabot version: 0.117.0 (api) - INFO - Instagram's error message: Invalid media_id 0
2022-11-30 13:33:15,470 - instabot version: 0.117.0 (api) - INFO - Instagram's error message: {}
2022-11-30 13:33:18,263 - instabot version: 0.117.0 (api) - DEBUG - GET to endpoint: media/7/info/ returned response: <Response [200]>
2022-11-30 13:33:32,038 - instabot version: 0.117.0 (api) - DEBUG - GET to endpoint: media/8/info/ returned response: <Response [400]>
2022-11-30 13:33:32,039 - instabot version: 0.117.0 (api) - DEBUG - Responsecode indicates error; response content: b'{"message":"Media not found or unavailable","status":"fail"}'
2022-11-30 13:33:32,039 - instabot version: 0.117.0 (api) - ERROR - Request returns 400 error!
2022-11-30 13:33:32,040 - instabot version: 0.117.0 (api) - INFO - Instagram's error message: Media not found or unavailable
2022-11-30 13:33:32,040 - instabot version: 0.117.0 (api) - INFO - Instagram's error message: {}
2022-11-30 13:33:35,731 - instabot version: 0.117.0 (api) - DEBUG - GET to endpoint: media/7/info/ returned response: <Response [200]>
2022-11-30 13:33:48,657 - instabot version: 0.117.0 (api) - DEBUG - GET to endpoint: media/4/info/ returned response: <Response [200]>
2022-11-30 13:34:01,541 - instabot version: 0.117.0 (api) - DEBUG - GET to endpoint: media/6/info/ returned response: <Response [200]>
2022-11-30 13:34:15,601 - instabot version: 0.117.0 (api) - DEBUG - GET to endpoint: media/6/info/ returned response: <Response [200]>
2022-11-30 13:34:27,818 - instabot version: 0.117.0 (api) - DEBUG - GET to endpoint: media/6/info/ returned response: <Response [200]>
2022-11-30 13:34:41,231 - instabot version: 0.117.0 (api) - DEBUG - GET to endpoint: media/2/info/ returned response: <Response [200]>
2022-11-30 13:34:51,351 - instabot version: 0.117.0 (bot_checkpoint) - DEBUG - Saving Checkpoint file to: C:\Users\angel\OneDrive\Desktop\ODISHA/config/eagle_eye_odisha.checkpoint
2022-11-30 13:34:51,352 - instabot version: 0.117.0 (bot) - INFO - Total requests: 168
