2022-11-30 16:07:36,585 - instabot version: 0.117.0 (bot) - INFO - Instabot version: 0.117.0 Started
2022-11-30 16:07:36,586 - instabot version: 0.117.0 (bot) - DEBUG - Bot imported from C:\Users\angel\AppData\Local\Programs\Python\Python310\lib\site-packages\instabot\bot\bot.py
2022-11-30 16:07:36,586 - instabot version: 0.117.0 (api_login) - DEBUG - Loading cookies
2022-11-30 16:07:36,588 - instabot version: 0.117.0 (api_login) - DEBUG - Loading uuids
2022-11-30 16:07:36,588 - instabot version: 0.117.0 (api_login) - INFO - Recovery from C:\Users\angel\OneDrive\Desktop\ODISHA/config/eagle_eye_odisha_uuid_and_cookie.json: COOKIE True - UUIDs True - TIMING, DEVICE and ...
- user-agent=Instagram 117.0.0.28.123 Android (28/9.0; 420dpi; 1080x1920; OnePlus; ONEPLUS A3003; OnePlus3; qcom; en_US; 180322800)
- phone_id=9ebce813-461d-421c-9859-0960c47cd847
- uuid=1381332e-a701-454e-801d-bccade877849
- client_session_id=a0c64024-1eec-493e-a7b8-2305e3a6ab44
- device_id=android-964b97e8f8558f12
2022-11-30 16:07:36,589 - instabot version: 0.117.0 (api_login) - INFO - LOGIN FLOW! Just logged-in: False
2022-11-30 16:07:37,736 - instabot version: 0.117.0 (api) - DEBUG - POST to endpoint: feed/timeline/ returned response: <Response [200]>
2022-11-30 16:07:38,383 - instabot version: 0.117.0 (api) - DEBUG - POST to endpoint: feed/reels_tray/ returned response: <Response [200]>
2022-11-30 16:07:38,386 - instabot version: 0.117.0 (api) - INFO - Logged-in successfully as 'eagle_eye_odisha'!
2022-11-30 16:07:38,386 - instabot version: 0.117.0 (bot_checkpoint) - DEBUG - Loading Checkpoint file from: C:\Users\angel\OneDrive\Desktop\ODISHA/config/eagle_eye_odisha.checkpoint
2022-11-30 16:07:38,947 - instabot version: 0.117.0 (api) - DEBUG - GET to endpoint: users/a_o_x_o/usernameinfo/ returned response: <Response [200]>
2022-11-30 16:07:40,148 - instabot version: 0.117.0 (api) - DEBUG - GET to endpoint: users/isuckmemes2/usernameinfo/ returned response: <Response [200]>
2022-11-30 16:07:41,156 - instabot version: 0.117.0 (api) - DEBUG - GET to endpoint: users/dop_cusat/usernameinfo/ returned response: <Response [200]>
2022-11-30 16:07:42,422 - instabot version: 0.117.0 (api) - DEBUG - GET to endpoint: users/kyloren.x/usernameinfo/ returned response: <Response [200]>
2022-11-30 16:07:44,175 - instabot version: 0.117.0 (api) - DEBUG - POST to endpoint: direct_v2/threads/broadcast/text/ returned response: <Response [200]>
2022-11-30 16:07:44,176 - instabot version: 0.117.0 (bot_follow) - INFO - Going to follow 4 users.
2022-11-30 16:07:44,185 - instabot version: 0.117.0 (bot_follow) - INFO - DONE: Now following 9 users in total.
2022-11-30 16:07:45,294 - instabot version: 0.117.0 (api) - DEBUG - GET to endpoint: feed/tag/aloshin/?max_id=&rank_token=56755204544_1381332e-a701-454e-801d-bccade877849&ranked_content=true& returned response: <Response [200]>
2022-11-30 16:07:45,295 - instabot version: 0.117.0 (bot_filter) - INFO - Received 4 medias.
2022-11-30 16:07:45,296 - instabot version: 0.117.0 (bot_filter) - INFO - After filtration 4 medias left.
2022-11-30 16:07:46,085 - instabot version: 0.117.0 (api) - DEBUG - GET to endpoint: feed/tag/aloshin/?max_id=&rank_token=56755204544_1381332e-a701-454e-801d-bccade877849&ranked_content=true& returned response: <Response [200]>
2022-11-30 16:07:47,201 - instabot version: 0.117.0 (api) - DEBUG - GET to endpoint: users/2993770381/info/ returned response: <Response [200]>
2022-11-30 16:07:50,936 - instabot version: 0.117.0 (bot_checkpoint) - DEBUG - Saving Checkpoint file to: C:\Users\angel\OneDrive\Desktop\ODISHA/config/eagle_eye_odisha.checkpoint
2022-11-30 16:07:50,937 - instabot version: 0.117.0 (bot) - INFO - Total follows: 9/58
2022-11-30 16:07:50,937 - instabot version: 0.117.0 (bot) - INFO - Total messages: 7/97
2022-11-30 16:07:50,937 - instabot version: 0.117.0 (bot) - INFO - Total requests: 397
