2022-11-30 14:47:57,827 - instabot version: 0.117.0 (bot) - INFO - Instabot version: 0.117.0 Started
2022-11-30 14:47:57,828 - instabot version: 0.117.0 (bot) - DEBUG - Bot imported from C:\Users\angel\AppData\Local\Programs\Python\Python310\lib\site-packages\instabot\bot\bot.py
2022-11-30 14:47:57,828 - instabot version: 0.117.0 (api_login) - DEBUG - Loading cookies
2022-11-30 14:47:57,828 - instabot version: 0.117.0 (api_login) - DEBUG - Loading uuids
2022-11-30 14:47:57,828 - instabot version: 0.117.0 (api_login) - INFO - Recovery from C:\Users\angel\OneDrive\Desktop\ODISHA/config/eagle_eye_odisha_uuid_and_cookie.json: COOKIE True - UUIDs True - TIMING, DEVICE and ...
- user-agent=Instagram 117.0.0.28.123 Android (28/9.0; 420dpi; 1080x1920; OnePlus; ONEPLUS A3003; OnePlus3; qcom; en_US; 180322800)
- phone_id=9ebce813-461d-421c-9859-0960c47cd847
- uuid=1381332e-a701-454e-801d-bccade877849
- client_session_id=a6134b78-db06-4006-a6c5-24f97ffa58bb
- device_id=android-964b97e8f8558f12
2022-11-30 14:47:57,830 - instabot version: 0.117.0 (api_login) - INFO - LOGIN FLOW! Just logged-in: False
2022-11-30 14:47:58,961 - instabot version: 0.117.0 (api) - DEBUG - POST to endpoint: feed/timeline/ returned response: <Response [200]>
2022-11-30 14:47:59,599 - instabot version: 0.117.0 (api) - DEBUG - POST to endpoint: feed/reels_tray/ returned response: <Response [200]>
2022-11-30 14:47:59,601 - instabot version: 0.117.0 (api) - INFO - Logged-in successfully as 'eagle_eye_odisha'!
2022-11-30 14:47:59,602 - instabot version: 0.117.0 (bot_checkpoint) - DEBUG - Loading Checkpoint file from: C:\Users\angel\OneDrive\Desktop\ODISHA/config/eagle_eye_odisha.checkpoint
2022-11-30 14:48:00,363 - instabot version: 0.117.0 (api) - DEBUG - GET to endpoint: users/tiger_ttx/usernameinfo/ returned response: <Response [200]>
2022-11-30 14:48:01,053 - instabot version: 0.117.0 (bot_follow) - INFO - Going to follow `user_id` 12602811255.
2022-11-30 14:48:01,054 - instabot version: 0.117.0 (api) - DEBUG - post data: {"user_id": "12602811255", "radio_type": "wifi-none", "device_id": "android-964b97e8f8558f12", "_uuid": "1381332e-a701-454e-801d-bccade877849", "_uid": "56755204544", "_csrftoken": "W8ewlsaYzmpOnpyqTtnlFY0VBttp3Odc"}
2022-11-30 14:48:02,578 - instabot version: 0.117.0 (api) - DEBUG - POST to endpoint: friendships/create/12602811255/ returned response: <Response [200]>
2022-11-30 14:48:02,578 - instabot version: 0.117.0 (bot_follow) - INFO - Followed `user_id` 12602811255.
2022-11-30 14:48:03,172 - instabot version: 0.117.0 (api) - DEBUG - GET to endpoint: users/56755204544/info/ returned response: <Response [200]>
2022-11-30 14:48:03,655 - instabot version: 0.117.0 (api) - DEBUG - GET to endpoint: friendships/56755204544/following/?max_id=&ig_sig_key_version=4&rank_token=56755204544_1381332e-a701-454e-801d-bccade877849 returned response: <Response [200]>
2022-11-30 14:48:04,603 - instabot version: 0.117.0 (api) - DEBUG - GET to endpoint: feed/tag/aloshin/?max_id=&rank_token=56755204544_1381332e-a701-454e-801d-bccade877849&ranked_content=true& returned response: <Response [200]>
2022-11-30 14:48:04,604 - instabot version: 0.117.0 (bot_filter) - INFO - Received 4 medias.
2022-11-30 14:48:04,604 - instabot version: 0.117.0 (bot_filter) - INFO - After filtration 4 medias left.
2022-11-30 14:48:05,336 - instabot version: 0.117.0 (api) - DEBUG - GET to endpoint: feed/tag/aloshin/?max_id=&rank_token=56755204544_1381332e-a701-454e-801d-bccade877849&ranked_content=true& returned response: <Response [200]>
2022-11-30 14:48:06,344 - instabot version: 0.117.0 (api) - DEBUG - GET to endpoint: users/2993770381/info/ returned response: <Response [200]>
2022-11-30 14:48:08,865 - instabot version: 0.117.0 (bot_checkpoint) - DEBUG - Saving Checkpoint file to: C:\Users\angel\OneDrive\Desktop\ODISHA/config/eagle_eye_odisha.checkpoint
2022-11-30 14:48:08,866 - instabot version: 0.117.0 (bot) - INFO - Total follows: 1/83
2022-11-30 14:48:08,866 - instabot version: 0.117.0 (bot) - INFO - Total requests: 308
