2022-11-30 13:28:13,393 - instabot version: 0.117.0 (bot) - INFO - Instabot version: 0.117.0 Started
2022-11-30 13:28:13,393 - instabot version: 0.117.0 (bot) - DEBUG - Bot imported from C:\Users\angel\AppData\Local\Programs\Python\Python310\lib\site-packages\instabot\bot\bot.py
2022-11-30 13:28:13,394 - instabot version: 0.117.0 (api_login) - DEBUG - Loading cookies
2022-11-30 13:28:13,394 - instabot version: 0.117.0 (api_login) - DEBUG - Loading uuids
2022-11-30 13:28:13,394 - instabot version: 0.117.0 (api_login) - INFO - Recovery from C:\Users\angel\OneDrive\Desktop\ODISHA/config/eagle_eye_odisha_uuid_and_cookie.json: COOKIE True - UUIDs True - TIMING, DEVICE and ...
- user-agent=Instagram 117.0.0.28.123 Android (28/9.0; 420dpi; 1080x1920; OnePlus; ONEPLUS A3003; OnePlus3; qcom; en_US; 180322800)
- phone_id=9ebce813-461d-421c-9859-0960c47cd847
- uuid=1381332e-a701-454e-801d-bccade877849
- client_session_id=333f6cfa-9278-4239-abc3-2c4265511390
- device_id=android-964b97e8f8558f12
2022-11-30 13:28:13,397 - instabot version: 0.117.0 (api_login) - INFO - LOGIN FLOW! Just logged-in: False
2022-11-30 13:28:14,507 - instabot version: 0.117.0 (api) - DEBUG - POST to endpoint: feed/timeline/ returned response: <Response [200]>
2022-11-30 13:28:15,098 - instabot version: 0.117.0 (api) - DEBUG - POST to endpoint: feed/reels_tray/ returned response: <Response [200]>
2022-11-30 13:28:15,101 - instabot version: 0.117.0 (api) - INFO - Logged-in successfully as 'eagle_eye_odisha'!
2022-11-30 13:28:15,101 - instabot version: 0.117.0 (bot_checkpoint) - DEBUG - Loading Checkpoint file from: C:\Users\angel\OneDrive\Desktop\ODISHA/config/eagle_eye_odisha.checkpoint
2022-11-30 13:28:23,489 - instabot version: 0.117.0 (api) - DEBUG - GET to endpoint: feed/tag/plantt/?max_id=&rank_token=56755204544_1381332e-a701-454e-801d-bccade877849&ranked_content=true& returned response: <Response [200]>
2022-11-30 13:28:23,492 - instabot version: 0.117.0 (bot_filter) - INFO - Received 28 medias.
2022-11-30 13:28:23,492 - instabot version: 0.117.0 (bot_filter) - INFO - After filtration 28 medias left.
2022-11-30 13:28:23,493 - instabot version: 0.117.0 (bot_photo) - INFO - Going to download 28 medias.
2022-11-30 13:28:27,359 - instabot version: 0.117.0 (api) - DEBUG - GET to endpoint: media/2/info/ returned response: <Response [200]>
2022-11-30 13:28:41,332 - instabot version: 0.117.0 (api) - DEBUG - GET to endpoint: media/9/info/ returned response: <Response [400]>
2022-11-30 13:28:41,332 - instabot version: 0.117.0 (api) - DEBUG - Responsecode indicates error; response content: b'{"message":"Media not found or unavailable","status":"fail"}'
2022-11-30 13:28:41,332 - instabot version: 0.117.0 (api) - ERROR - Request returns 400 error!
2022-11-30 13:28:41,333 - instabot version: 0.117.0 (api) - INFO - Instagram's error message: Media not found or unavailable
2022-11-30 13:28:41,334 - instabot version: 0.117.0 (api) - INFO - Instagram's error message: {}
2022-11-30 13:28:43,836 - instabot version: 0.117.0 (api) - DEBUG - GET to endpoint: media/4/info/ returned response: <Response [200]>
2022-11-30 13:28:56,657 - instabot version: 0.117.0 (api) - DEBUG - GET to endpoint: media/9/info/ returned response: <Response [400]>
2022-11-30 13:28:56,657 - instabot version: 0.117.0 (api) - DEBUG - Responsecode indicates error; response content: b'{"message":"Media not found or unavailable","status":"fail"}'
2022-11-30 13:28:56,657 - instabot version: 0.117.0 (api) - ERROR - Request returns 400 error!
2022-11-30 13:28:56,658 - instabot version: 0.117.0 (api) - INFO - Instagram's error message: Media not found or unavailable
2022-11-30 13:28:56,659 - instabot version: 0.117.0 (api) - INFO - Instagram's error message: {}
2022-11-30 13:28:59,150 - instabot version: 0.117.0 (api) - DEBUG - GET to endpoint: media/2/info/ returned response: <Response [200]>
2022-11-30 13:29:12,853 - instabot version: 0.117.0 (api) - DEBUG - GET to endpoint: media/0/info/ returned response: <Response [400]>
2022-11-30 13:29:12,854 - instabot version: 0.117.0 (api) - DEBUG - Responsecode indicates error; response content: b'{"message":"Invalid media_id 0","status":"fail"}'
2022-11-30 13:29:12,854 - instabot version: 0.117.0 (api) - ERROR - Request returns 400 error!
2022-11-30 13:29:12,855 - instabot version: 0.117.0 (api) - INFO - Instagram's error message: Invalid media_id 0
2022-11-30 13:29:12,856 - instabot version: 0.117.0 (api) - INFO - Instagram's error message: {}
2022-11-30 13:29:17,068 - instabot version: 0.117.0 (api) - DEBUG - GET to endpoint: media/1/info/ returned response: <Response [400]>
2022-11-30 13:29:17,069 - instabot version: 0.117.0 (api) - DEBUG - Responsecode indicates error; response content: b'{"message":"Media not found or unavailable","status":"fail"}'
2022-11-30 13:29:17,069 - instabot version: 0.117.0 (api) - ERROR - Request returns 400 error!
2022-11-30 13:29:17,070 - instabot version: 0.117.0 (api) - INFO - Instagram's error message: Media not found or unavailable
2022-11-30 13:29:17,071 - instabot version: 0.117.0 (api) - INFO - Instagram's error message: {}
2022-11-30 13:29:20,194 - instabot version: 0.117.0 (api) - DEBUG - GET to endpoint: media/6/info/ returned response: <Response [200]>
2022-11-30 13:29:34,515 - instabot version: 0.117.0 (api) - DEBUG - GET to endpoint: media/6/info/ returned response: <Response [200]>
2022-11-30 13:29:40,013 - instabot version: 0.117.0 (bot_checkpoint) - DEBUG - Saving Checkpoint file to: C:\Users\angel\OneDrive\Desktop\ODISHA/config/eagle_eye_odisha.checkpoint
2022-11-30 13:29:40,014 - instabot version: 0.117.0 (bot) - INFO - Total requests: 136
