2022-11-30 14:24:09,612 - instabot version: 0.117.0 (bot) - INFO - Instabot version: 0.117.0 Started
2022-11-30 14:24:09,613 - instabot version: 0.117.0 (bot) - DEBUG - Bot imported from C:\Users\angel\AppData\Local\Programs\Python\Python310\lib\site-packages\instabot\bot\bot.py
2022-11-30 14:24:09,613 - instabot version: 0.117.0 (api_login) - DEBUG - Loading cookies
2022-11-30 14:24:09,613 - instabot version: 0.117.0 (api_login) - DEBUG - Loading uuids
2022-11-30 14:24:09,613 - instabot version: 0.117.0 (api_login) - INFO - Recovery from C:\Users\angel\OneDrive\Desktop\ODISHA/config/eagle_eye_odisha_uuid_and_cookie.json: COOKIE True - UUIDs True - TIMING, DEVICE and ...
- user-agent=Instagram 117.0.0.28.123 Android (28/9.0; 420dpi; 1080x1920; OnePlus; ONEPLUS A3003; OnePlus3; qcom; en_US; 180322800)
- phone_id=9ebce813-461d-421c-9859-0960c47cd847
- uuid=1381332e-a701-454e-801d-bccade877849
- client_session_id=18b8a4f9-e777-487e-9344-d901404c4a06
- device_id=android-964b97e8f8558f12
2022-11-30 14:24:09,615 - instabot version: 0.117.0 (api_login) - INFO - LOGIN FLOW! Just logged-in: False
2022-11-30 14:24:10,782 - instabot version: 0.117.0 (api) - DEBUG - POST to endpoint: feed/timeline/ returned response: <Response [200]>
2022-11-30 14:24:11,381 - instabot version: 0.117.0 (api) - DEBUG - POST to endpoint: feed/reels_tray/ returned response: <Response [200]>
2022-11-30 14:24:11,384 - instabot version: 0.117.0 (api) - INFO - Logged-in successfully as 'eagle_eye_odisha'!
2022-11-30 14:24:11,385 - instabot version: 0.117.0 (bot_checkpoint) - DEBUG - Loading Checkpoint file from: C:\Users\angel\OneDrive\Desktop\ODISHA/config/eagle_eye_odisha.checkpoint
2022-11-30 14:24:14,372 - instabot version: 0.117.0 (api) - DEBUG - GET to endpoint: feed/tag/aloshi/?max_id=&rank_token=56755204544_1381332e-a701-454e-801d-bccade877849&ranked_content=true& returned response: <Response [200]>
2022-11-30 14:24:14,376 - instabot version: 0.117.0 (bot_filter) - INFO - Received 32 medias.
2022-11-30 14:24:14,377 - instabot version: 0.117.0 (bot_filter) - INFO - After filtration 32 medias left.
2022-11-30 14:24:16,753 - instabot version: 0.117.0 (api) - DEBUG - GET to endpoint: feed/tag/aloshi/?max_id=&rank_token=56755204544_1381332e-a701-454e-801d-bccade877849&ranked_content=true& returned response: <Response [200]>
2022-11-30 14:24:16,991 - instabot version: 0.117.0 (bot_checkpoint) - DEBUG - Saving Checkpoint file to: C:\Users\angel\OneDrive\Desktop\ODISHA/config/eagle_eye_odisha.checkpoint
2022-11-30 14:24:16,991 - instabot version: 0.117.0 (bot) - INFO - Total requests: 257
