2022-11-30 14:12:04,565 - instabot version: 0.117.0 (bot) - INFO - Instabot version: 0.117.0 Started
2022-11-30 14:12:04,565 - instabot version: 0.117.0 (bot) - DEBUG - Bot imported from C:\Users\angel\AppData\Local\Programs\Python\Python310\lib\site-packages\instabot\bot\bot.py
2022-11-30 14:12:04,566 - instabot version: 0.117.0 (api_login) - DEBUG - Loading cookies
2022-11-30 14:12:04,566 - instabot version: 0.117.0 (api_login) - DEBUG - Loading uuids
2022-11-30 14:12:04,567 - instabot version: 0.117.0 (api_login) - INFO - Recovery from C:\Users\angel\OneDrive\Desktop\ODISHA/config/eagle_eye_odisha_uuid_and_cookie.json: COOKIE True - UUIDs True - TIMING, DEVICE and ...
- user-agent=Instagram 117.0.0.28.123 Android (28/9.0; 420dpi; 1080x1920; OnePlus; ONEPLUS A3003; OnePlus3; qcom; en_US; 180322800)
- phone_id=9ebce813-461d-421c-9859-0960c47cd847
- uuid=1381332e-a701-454e-801d-bccade877849
- client_session_id=18b8a4f9-e777-487e-9344-d901404c4a06
- device_id=android-964b97e8f8558f12
2022-11-30 14:12:04,572 - instabot version: 0.117.0 (api_login) - INFO - LOGIN FLOW! Just logged-in: False
2022-11-30 14:12:05,602 - instabot version: 0.117.0 (api) - DEBUG - POST to endpoint: feed/timeline/ returned response: <Response [200]>
2022-11-30 14:12:06,224 - instabot version: 0.117.0 (api) - DEBUG - POST to endpoint: feed/reels_tray/ returned response: <Response [200]>
2022-11-30 14:12:06,226 - instabot version: 0.117.0 (api) - INFO - Logged-in successfully as 'eagle_eye_odisha'!
2022-11-30 14:12:06,226 - instabot version: 0.117.0 (bot_checkpoint) - DEBUG - Loading Checkpoint file from: C:\Users\angel\OneDrive\Desktop\ODISHA/config/eagle_eye_odisha.checkpoint
2022-11-30 14:12:16,252 - instabot version: 0.117.0 (api) - DEBUG - GET to endpoint: feed/tag/aloshi/?max_id=&rank_token=56755204544_1381332e-a701-454e-801d-bccade877849&ranked_content=true& returned response: <Response [200]>
2022-11-30 14:12:16,263 - instabot version: 0.117.0 (bot_filter) - INFO - Received 32 medias.
2022-11-30 14:12:16,264 - instabot version: 0.117.0 (bot_filter) - INFO - After filtration 32 medias left.
2022-11-30 14:12:19,526 - instabot version: 0.117.0 (api) - DEBUG - GET to endpoint: feed/tag/aloshi/?max_id=&rank_token=56755204544_1381332e-a701-454e-801d-bccade877849&ranked_content=true& returned response: <Response [200]>
2022-11-30 14:12:19,538 - instabot version: 0.117.0 (bot_photo) - INFO - Going to download 32 medias.
2022-11-30 14:12:21,976 - instabot version: 0.117.0 (api) - DEBUG - GET to endpoint: media/2982062023225058730_26068451054/info/ returned response: <Response [200]>
2022-11-30 14:12:23,950 - instabot version: 0.117.0 (api) - DEBUG - GET to endpoint: media/2982044550283095132_26068451054/info/ returned response: <Response [200]>
2022-11-30 14:12:26,304 - instabot version: 0.117.0 (api) - DEBUG - GET to endpoint: media/2981991418806858522_5649176692/info/ returned response: <Response [200]>
2022-11-30 14:12:39,857 - instabot version: 0.117.0 (api) - DEBUG - GET to endpoint: media/2980936561060955108_26068451054/info/ returned response: <Response [200]>
2022-11-30 14:12:42,868 - instabot version: 0.117.0 (api) - DEBUG - GET to endpoint: media/2980639138769938860_26068451054/info/ returned response: <Response [200]>
2022-11-30 14:12:45,684 - instabot version: 0.117.0 (api) - DEBUG - GET to endpoint: media/2980600275456468402_26068451054/info/ returned response: <Response [200]>
2022-11-30 14:12:49,008 - instabot version: 0.117.0 (api) - DEBUG - GET to endpoint: media/2979945604597292223_26068451054/info/ returned response: <Response [200]>
2022-11-30 14:12:53,244 - instabot version: 0.117.0 (api) - DEBUG - GET to endpoint: media/2979942384001018472_26068451054/info/ returned response: <Response [200]>
2022-11-30 14:12:56,020 - instabot version: 0.117.0 (api) - DEBUG - GET to endpoint: media/2979926268100974814_26068451054/info/ returned response: <Response [200]>
2022-11-30 14:12:57,659 - instabot version: 0.117.0 (api) - DEBUG - GET to endpoint: media/2979905218180813536_26068451054/info/ returned response: <Response [200]>
2022-11-30 14:13:01,295 - instabot version: 0.117.0 (api) - DEBUG - GET to endpoint: media/2979903707543557731_26068451054/info/ returned response: <Response [200]>
2022-11-30 14:13:03,403 - instabot version: 0.117.0 (api) - DEBUG - GET to endpoint: media/2977706739641641682_1034147379/info/ returned response: <Response [200]>
2022-11-30 14:13:04,507 - instabot version: 0.117.0 (bot_checkpoint) - DEBUG - Saving Checkpoint file to: C:\Users\angel\OneDrive\Desktop\ODISHA/config/eagle_eye_odisha.checkpoint
2022-11-30 14:13:04,507 - instabot version: 0.117.0 (bot) - INFO - Total requests: 218
