2022-11-30 15:28:12,773 - instabot version: 0.117.0 (bot) - INFO - Instabot version: 0.117.0 Started
2022-11-30 15:28:12,774 - instabot version: 0.117.0 (bot) - DEBUG - Bot imported from C:\Users\angel\AppData\Local\Programs\Python\Python310\lib\site-packages\instabot\bot\bot.py
2022-11-30 15:28:12,774 - instabot version: 0.117.0 (api_login) - DEBUG - Loading cookies
2022-11-30 15:28:12,774 - instabot version: 0.117.0 (api_login) - DEBUG - Loading uuids
2022-11-30 15:28:12,774 - instabot version: 0.117.0 (api_login) - INFO - Recovery from C:\Users\angel\OneDrive\Desktop\ODISHA/config/eagle_eye_odisha_uuid_and_cookie.json: COOKIE True - UUIDs True - TIMING, DEVICE and ...
- user-agent=Instagram 117.0.0.28.123 Android (28/9.0; 420dpi; 1080x1920; OnePlus; ONEPLUS A3003; OnePlus3; qcom; en_US; 180322800)
- phone_id=9ebce813-461d-421c-9859-0960c47cd847
- uuid=1381332e-a701-454e-801d-bccade877849
- client_session_id=a95c5448-f18b-4e17-93dd-7ba9ac616694
- device_id=android-964b97e8f8558f12
2022-11-30 15:28:12,778 - instabot version: 0.117.0 (api_login) - INFO - LOGIN FLOW! Just logged-in: False
2022-11-30 15:28:13,295 - instabot version: 0.117.0 (api) - DEBUG - POST to endpoint: feed/timeline/ returned response: <Response [400]>
2022-11-30 15:28:13,295 - instabot version: 0.117.0 (api) - DEBUG - Responsecode indicates error; response content: b'{"message":"challenge_required","challenge":{"url":"https://i.instagram.com/challenge/?next=/api/v1/feed/timeline/","api_path":"/challenge/","hide_webview_header":true,"lock":true,"logout":false,"native_flow":true,"flow_render_type":0},"status":"fail"}'
2022-11-30 15:28:13,295 - instabot version: 0.117.0 (api) - ERROR - Request returns 400 error!
2022-11-30 15:28:13,296 - instabot version: 0.117.0 (api) - INFO - Instagram's error message: challenge_required
2022-11-30 15:28:13,296 - instabot version: 0.117.0 (api) - INFO - Instagram's error message: {}
2022-11-30 15:28:13,713 - instabot version: 0.117.0 (api) - DEBUG - POST to endpoint: feed/reels_tray/ returned response: <Response [400]>
2022-11-30 15:28:13,713 - instabot version: 0.117.0 (api) - DEBUG - Responsecode indicates error; response content: b'{"message":"challenge_required","challenge":{"url":"https://i.instagram.com/challenge/?next=/api/v1/feed/reels_tray/","api_path":"/challenge/","hide_webview_header":true,"lock":true,"logout":false,"native_flow":true,"flow_render_type":0},"status":"fail"}'
2022-11-30 15:28:13,713 - instabot version: 0.117.0 (api) - ERROR - Request returns 400 error!
2022-11-30 15:28:13,713 - instabot version: 0.117.0 (api) - INFO - Instagram's error message: challenge_required
2022-11-30 15:28:13,714 - instabot version: 0.117.0 (api) - INFO - Instagram's error message: {}
2022-11-30 15:28:13,715 - instabot version: 0.117.0 (api) - INFO - Login flow failed, the cookie is broken. Relogin again.
2022-11-30 15:28:13,722 - instabot version: 0.117.0 (api_login) - DEBUG - Loading cookies
2022-11-30 15:28:13,722 - instabot version: 0.117.0 (api_login) - DEBUG - Loading uuids
2022-11-30 15:28:13,722 - instabot version: 0.117.0 (api_login) - INFO - Recovery from C:\Users\angel\OneDrive\Desktop\ODISHA/config/eagle_eye_odisha_uuid_and_cookie.json: COOKIE True - UUIDs True - TIMING, DEVICE and ...
- user-agent=Instagram 117.0.0.28.123 Android (28/9.0; 420dpi; 1080x1920; OnePlus; ONEPLUS A3003; OnePlus3; qcom; en_US; 180322800)
- phone_id=9ebce813-461d-421c-9859-0960c47cd847
- uuid=1381332e-a701-454e-801d-bccade877849
- client_session_id=a95c5448-f18b-4e17-93dd-7ba9ac616694
- device_id=android-964b97e8f8558f12
2022-11-30 15:28:13,722 - instabot version: 0.117.0 (api_login) - INFO - Not yet logged in starting: PRE-LOGIN FLOW!
2022-11-30 15:28:14,215 - instabot version: 0.117.0 (api) - DEBUG - POST to endpoint: accounts/get_prefill_candidates/ returned response: <Response [400]>
2022-11-30 15:28:14,216 - instabot version: 0.117.0 (api) - DEBUG - Responsecode indicates error; response content: b'{"message":"challenge_required","challenge":{"url":"https://i.instagram.com/challenge/?next=/api/v1/accounts/get_prefill_candidates/","api_path":"/challenge/","hide_webview_header":true,"lock":true,"logout":false,"native_flow":true,"flow_render_type":0},"status":"fail"}'
2022-11-30 15:28:14,216 - instabot version: 0.117.0 (api) - ERROR - Request returns 400 error!
2022-11-30 15:28:14,216 - instabot version: 0.117.0 (api) - INFO - Instagram's error message: challenge_required
2022-11-30 15:28:14,217 - instabot version: 0.117.0 (api) - INFO - Instagram's error message: {}
2022-11-30 15:28:14,710 - instabot version: 0.117.0 (api) - DEBUG - POST to endpoint: qe/sync/ returned response: <Response [400]>
2022-11-30 15:28:14,710 - instabot version: 0.117.0 (api) - DEBUG - Responsecode indicates error; response content: b'{"message":"challenge_required","challenge":{"url":"https://i.instagram.com/challenge/?next=/api/v1/qe/sync/","api_path":"/challenge/","hide_webview_header":true,"lock":true,"logout":false,"native_flow":true,"flow_render_type":0},"status":"fail"}'
2022-11-30 15:28:14,710 - instabot version: 0.117.0 (api) - ERROR - Request returns 400 error!
2022-11-30 15:28:14,711 - instabot version: 0.117.0 (api) - INFO - Instagram's error message: challenge_required
2022-11-30 15:28:14,711 - instabot version: 0.117.0 (api) - INFO - Instagram's error message: {}
2022-11-30 15:28:15,183 - instabot version: 0.117.0 (api) - DEBUG - POST to endpoint: launcher/sync/ returned response: <Response [400]>
2022-11-30 15:28:15,184 - instabot version: 0.117.0 (api) - DEBUG - Responsecode indicates error; response content: b'{"message":"challenge_required","challenge":{"url":"https://i.instagram.com/challenge/?next=/api/v1/launcher/sync/","api_path":"/challenge/","hide_webview_header":true,"lock":true,"logout":false,"native_flow":true,"flow_render_type":0},"status":"fail"}'
2022-11-30 15:28:15,184 - instabot version: 0.117.0 (api) - ERROR - Request returns 400 error!
2022-11-30 15:28:15,185 - instabot version: 0.117.0 (api) - INFO - Instagram's error message: challenge_required
2022-11-30 15:28:15,185 - instabot version: 0.117.0 (api) - INFO - Instagram's error message: {}
2022-11-30 15:28:15,639 - instabot version: 0.117.0 (api) - DEBUG - POST to endpoint: accounts/contact_point_prefill/ returned response: <Response [400]>
2022-11-30 15:28:15,640 - instabot version: 0.117.0 (api) - DEBUG - Responsecode indicates error; response content: b'{"message":"challenge_required","challenge":{"url":"https://i.instagram.com/challenge/?next=/api/v1/accounts/contact_point_prefill/","api_path":"/challenge/","hide_webview_header":true,"lock":true,"logout":false,"native_flow":true,"flow_render_type":0},"status":"fail"}'
2022-11-30 15:28:15,640 - instabot version: 0.117.0 (api) - ERROR - Request returns 400 error!
2022-11-30 15:28:15,641 - instabot version: 0.117.0 (api) - INFO - Instagram's error message: challenge_required
2022-11-30 15:28:15,641 - instabot version: 0.117.0 (api) - INFO - Instagram's error message: {}
2022-11-30 15:28:16,114 - instabot version: 0.117.0 (api) - DEBUG - POST to endpoint: accounts/login/ returned response: <Response [400]>
2022-11-30 15:28:16,114 - instabot version: 0.117.0 (api) - DEBUG - Responsecode indicates error; response content: b'{"message":"challenge_required","challenge":{"url":"https://i.instagram.com/challenge/?next=/api/v1/accounts/login/","api_path":"/challenge/","hide_webview_header":true,"lock":true,"logout":false,"native_flow":true,"flow_render_type":0},"status":"fail"}'
2022-11-30 15:28:16,114 - instabot version: 0.117.0 (api) - ERROR - Request returns 400 error!
2022-11-30 15:28:16,115 - instabot version: 0.117.0 (api) - INFO - Instagram's error message: challenge_required
2022-11-30 15:28:16,116 - instabot version: 0.117.0 (api) - INFO - Instagram's error message: {}
2022-11-30 15:28:16,117 - instabot version: 0.117.0 (api) - ERROR - Failed to login go to instagram and change your password
2022-11-30 15:28:16,117 - instabot version: 0.117.0 (api) - INFO - Username or password is incorrect.
