2022-11-30 14:23:05,622 - instabot version: 0.117.0 (bot) - INFO - Instabot version: 0.117.0 Started
2022-11-30 14:23:05,622 - instabot version: 0.117.0 (bot) - DEBUG - Bot imported from C:\Users\angel\AppData\Local\Programs\Python\Python310\lib\site-packages\instabot\bot\bot.py
2022-11-30 14:23:05,623 - instabot version: 0.117.0 (api_login) - DEBUG - Loading cookies
2022-11-30 14:23:05,623 - instabot version: 0.117.0 (api_login) - DEBUG - Loading uuids
2022-11-30 14:23:05,623 - instabot version: 0.117.0 (api_login) - INFO - Recovery from C:\Users\angel\OneDrive\Desktop\ODISHA/config/eagle_eye_odisha_uuid_and_cookie.json: COOKIE True - UUIDs True - TIMING, DEVICE and ...
- user-agent=Instagram 117.0.0.28.123 Android (28/9.0; 420dpi; 1080x1920; OnePlus; ONEPLUS A3003; OnePlus3; qcom; en_US; 180322800)
- phone_id=9ebce813-461d-421c-9859-0960c47cd847
- uuid=1381332e-a701-454e-801d-bccade877849
- client_session_id=18b8a4f9-e777-487e-9344-d901404c4a06
- device_id=android-964b97e8f8558f12
2022-11-30 14:23:05,625 - instabot version: 0.117.0 (api_login) - INFO - LOGIN FLOW! Just logged-in: False
2022-11-30 14:23:06,910 - instabot version: 0.117.0 (api) - DEBUG - POST to endpoint: feed/timeline/ returned response: <Response [200]>
2022-11-30 14:23:07,469 - instabot version: 0.117.0 (api) - DEBUG - POST to endpoint: feed/reels_tray/ returned response: <Response [200]>
2022-11-30 14:23:07,470 - instabot version: 0.117.0 (api) - INFO - Logged-in successfully as 'eagle_eye_odisha'!
2022-11-30 14:23:07,471 - instabot version: 0.117.0 (bot_checkpoint) - DEBUG - Loading Checkpoint file from: C:\Users\angel\OneDrive\Desktop\ODISHA/config/eagle_eye_odisha.checkpoint
2022-11-30 14:23:10,675 - instabot version: 0.117.0 (api) - DEBUG - GET to endpoint: feed/tag/aloshi/?max_id=&rank_token=56755204544_1381332e-a701-454e-801d-bccade877849&ranked_content=true& returned response: <Response [200]>
2022-11-30 14:23:10,681 - instabot version: 0.117.0 (bot_filter) - INFO - Received 32 medias.
2022-11-30 14:23:10,682 - instabot version: 0.117.0 (bot_filter) - INFO - After filtration 32 medias left.
2022-11-30 14:23:13,898 - instabot version: 0.117.0 (api) - DEBUG - GET to endpoint: feed/tag/aloshi/?max_id=&rank_token=56755204544_1381332e-a701-454e-801d-bccade877849&ranked_content=true& returned response: <Response [200]>
2022-11-30 14:23:15,188 - instabot version: 0.117.0 (api) - DEBUG - GET to endpoint: users/26068451054/info/ returned response: <Response [200]>
2022-11-30 14:23:15,190 - instabot version: 0.117.0 (bot_photo) - INFO - Going to download 32 medias.
2022-11-30 14:23:19,142 - instabot version: 0.117.0 (api) - DEBUG - GET to endpoint: media/2982062023225058730_26068451054/info/ returned response: <Response [200]>
2022-11-30 14:23:21,698 - instabot version: 0.117.0 (api) - DEBUG - GET to endpoint: media/2982044550283095132_26068451054/info/ returned response: <Response [200]>
2022-11-30 14:23:24,274 - instabot version: 0.117.0 (api) - DEBUG - GET to endpoint: media/2981991418806858522_5649176692/info/ returned response: <Response [200]>
