2022-11-30 16:19:49,471 - instabot version: 0.117.0 (bot) - INFO - Instabot version: 0.117.0 Started
2022-11-30 16:19:49,473 - instabot version: 0.117.0 (bot) - DEBUG - Bot imported from C:\Users\angel\AppData\Local\Programs\Python\Python310\lib\site-packages\instabot\bot\bot.py
2022-11-30 16:19:49,476 - instabot version: 0.117.0 (api_login) - DEBUG - Loading cookies
2022-11-30 16:19:49,477 - instabot version: 0.117.0 (api_login) - DEBUG - Loading uuids
2022-11-30 16:19:49,478 - instabot version: 0.117.0 (api_login) - INFO - Recovery from C:\Users\angel\OneDrive\Desktop\ODISHA/config/eagle_eye_odisha_uuid_and_cookie.json: COOKIE True - UUIDs True - TIMING, DEVICE and ...
- user-agent=Instagram 117.0.0.28.123 Android (28/9.0; 420dpi; 1080x1920; OnePlus; ONEPLUS A3003; OnePlus3; qcom; en_US; 180322800)
- phone_id=9ebce813-461d-421c-9859-0960c47cd847
- uuid=1381332e-a701-454e-801d-bccade877849
- client_session_id=a0c64024-1eec-493e-a7b8-2305e3a6ab44
- device_id=android-964b97e8f8558f12
2022-11-30 16:19:49,492 - instabot version: 0.117.0 (api_login) - INFO - LOGIN FLOW! Just logged-in: False
2022-11-30 16:19:50,576 - instabot version: 0.117.0 (api) - DEBUG - POST to endpoint: feed/timeline/ returned response: <Response [200]>
2022-11-30 16:19:51,207 - instabot version: 0.117.0 (api) - DEBUG - POST to endpoint: feed/reels_tray/ returned response: <Response [200]>
2022-11-30 16:19:51,210 - instabot version: 0.117.0 (api) - INFO - Logged-in successfully as 'eagle_eye_odisha'!
2022-11-30 16:19:51,214 - instabot version: 0.117.0 (bot_checkpoint) - DEBUG - Loading Checkpoint file from: C:\Users\angel\OneDrive\Desktop\ODISHA/config/eagle_eye_odisha.checkpoint
2022-11-30 16:19:51,729 - instabot version: 0.117.0 (api) - DEBUG - GET to endpoint: users/a_o_x_o/usernameinfo/ returned response: <Response [200]>
2022-11-30 16:19:53,013 - instabot version: 0.117.0 (api) - DEBUG - GET to endpoint: users/isuckmemes2/usernameinfo/ returned response: <Response [200]>
2022-11-30 16:19:53,852 - instabot version: 0.117.0 (api) - DEBUG - GET to endpoint: users/dop_cusat/usernameinfo/ returned response: <Response [200]>
2022-11-30 16:19:55,055 - instabot version: 0.117.0 (api) - DEBUG - GET to endpoint: users/kyloren.x/usernameinfo/ returned response: <Response [200]>
2022-11-30 16:19:56,192 - instabot version: 0.117.0 (api) - DEBUG - POST to endpoint: direct_v2/threads/broadcast/text/ returned response: <Response [200]>
2022-11-30 16:19:56,192 - instabot version: 0.117.0 (bot_follow) - INFO - Going to follow 4 users.
2022-11-30 16:19:56,201 - instabot version: 0.117.0 (bot_follow) - INFO - DONE: Now following 9 users in total.
2022-11-30 16:19:57,081 - instabot version: 0.117.0 (api) - DEBUG - GET to endpoint: feed/tag/aloshin/?max_id=&rank_token=56755204544_1381332e-a701-454e-801d-bccade877849&ranked_content=true& returned response: <Response [200]>
2022-11-30 16:19:57,081 - instabot version: 0.117.0 (bot_filter) - INFO - Received 4 medias.
2022-11-30 16:19:57,084 - instabot version: 0.117.0 (bot_filter) - INFO - After filtration 4 medias left.
2022-11-30 16:19:57,918 - instabot version: 0.117.0 (api) - DEBUG - GET to endpoint: feed/tag/aloshin/?max_id=&rank_token=56755204544_1381332e-a701-454e-801d-bccade877849&ranked_content=true& returned response: <Response [200]>
2022-11-30 16:19:58,590 - instabot version: 0.117.0 (api) - DEBUG - GET to endpoint: users/52777324690/info/ returned response: <Response [200]>
2022-11-30 16:19:59,684 - instabot version: 0.117.0 (api) - DEBUG - GET to endpoint: users/2993770381/info/ returned response: <Response [200]>
2022-11-30 16:20:00,559 - instabot version: 0.117.0 (api) - DEBUG - GET to endpoint: users/3251962349/info/ returned response: <Response [200]>
2022-11-30 16:20:00,561 - instabot version: 0.117.0 (bot) - INFO - Instabot version: 0.117.0 Started
2022-11-30 16:20:00,565 - instabot version: 0.117.0 (bot) - DEBUG - Bot imported from C:\Users\angel\AppData\Local\Programs\Python\Python310\lib\site-packages\instabot\bot\bot.py
2022-11-30 16:20:00,566 - instabot version: 0.117.0 (api_login) - DEBUG - Loading cookies
2022-11-30 16:20:00,566 - instabot version: 0.117.0 (api_login) - DEBUG - Loading uuids
2022-11-30 16:20:00,567 - instabot version: 0.117.0 (api_login) - INFO - Recovery from C:\Users\angel\OneDrive\Desktop\ODISHA/config/eagle_eye_odisha_uuid_and_cookie.json: COOKIE True - UUIDs True - TIMING, DEVICE and ...
- user-agent=Instagram 117.0.0.28.123 Android (28/9.0; 420dpi; 1080x1920; OnePlus; ONEPLUS A3003; OnePlus3; qcom; en_US; 180322800)
- phone_id=9ebce813-461d-421c-9859-0960c47cd847
- uuid=1381332e-a701-454e-801d-bccade877849
- client_session_id=a0c64024-1eec-493e-a7b8-2305e3a6ab44
- device_id=android-964b97e8f8558f12
2022-11-30 16:20:00,573 - instabot version: 0.117.0 (api_login) - INFO - LOGIN FLOW! Just logged-in: False
2022-11-30 16:20:01,975 - instabot version: 0.117.0 (bot_checkpoint) - DEBUG - Saving Checkpoint file to: C:\Users\angel\OneDrive\Desktop\ODISHA/config/eagle_eye_odisha.checkpoint
2022-11-30 16:20:01,976 - instabot version: 0.117.0 (bot) - INFO - Total follows: 9/62
2022-11-30 16:20:01,980 - instabot version: 0.117.0 (bot) - INFO - Total messages: 10/81
2022-11-30 16:20:01,982 - instabot version: 0.117.0 (bot) - INFO - Total requests: 426
2022-11-30 16:20:01,984 - instabot version: 0.117.0 (bot_checkpoint) - DEBUG - Saving Checkpoint file to: C:\Users\angel\OneDrive\Desktop\ODISHA/config/eagle_eye_odisha.checkpoint
2022-11-30 16:20:01,985 - instabot version: 0.117.0 (bot) - INFO - Total follows: 9/62
2022-11-30 16:20:01,986 - instabot version: 0.117.0 (bot) - INFO - Total messages: 10/81
2022-11-30 16:20:01,988 - instabot version: 0.117.0 (bot) - INFO - Total requests: 426
2022-11-30 16:20:01,989 - instabot version: 0.117.0 (bot_checkpoint) - DEBUG - Saving Checkpoint file to: C:\Users\angel\OneDrive\Desktop\ODISHA/config/eagle_eye_odisha.checkpoint
2022-11-30 16:20:01,990 - instabot version: 0.117.0 (bot) - INFO - Total follows: 9/62
2022-11-30 16:20:01,993 - instabot version: 0.117.0 (bot) - INFO - Total messages: 10/81
2022-11-30 16:20:01,995 - instabot version: 0.117.0 (bot) - INFO - Total requests: 426
2022-11-30 16:20:01,997 - instabot version: 0.117.0 (bot_checkpoint) - DEBUG - Saving Checkpoint file to: C:\Users\angel\OneDrive\Desktop\ODISHA/config/eagle_eye_odisha.checkpoint
2022-11-30 16:20:01,997 - instabot version: 0.117.0 (bot) - INFO - Total follows: 9/62
2022-11-30 16:20:01,999 - instabot version: 0.117.0 (bot) - INFO - Total messages: 10/81
2022-11-30 16:20:02,001 - instabot version: 0.117.0 (bot) - INFO - Total requests: 426
2022-11-30 16:20:02,002 - instabot version: 0.117.0 (bot_checkpoint) - DEBUG - Saving Checkpoint file to: C:\Users\angel\OneDrive\Desktop\ODISHA/config/eagle_eye_odisha.checkpoint
2022-11-30 16:20:02,003 - instabot version: 0.117.0 (bot) - INFO - Total follows: 9/62
2022-11-30 16:20:02,004 - instabot version: 0.117.0 (bot) - INFO - Total messages: 10/81
2022-11-30 16:20:02,006 - instabot version: 0.117.0 (bot) - INFO - Total requests: 426
2022-11-30 16:20:02,008 - instabot version: 0.117.0 (bot_checkpoint) - DEBUG - Saving Checkpoint file to: C:\Users\angel\OneDrive\Desktop\ODISHA/config/eagle_eye_odisha.checkpoint
2022-11-30 16:20:02,010 - instabot version: 0.117.0 (bot) - INFO - Total follows: 9/62
2022-11-30 16:20:02,012 - instabot version: 0.117.0 (bot) - INFO - Total messages: 10/81
2022-11-30 16:20:02,014 - instabot version: 0.117.0 (bot) - INFO - Total requests: 426
2022-11-30 16:20:02,015 - instabot version: 0.117.0 (bot_checkpoint) - DEBUG - Saving Checkpoint file to: C:\Users\angel\OneDrive\Desktop\ODISHA/config/eagle_eye_odisha.checkpoint
2022-11-30 16:20:02,016 - instabot version: 0.117.0 (bot) - INFO - Total follows: 9/62
2022-11-30 16:20:02,018 - instabot version: 0.117.0 (bot) - INFO - Total messages: 10/81
2022-11-30 16:20:02,019 - instabot version: 0.117.0 (bot) - INFO - Total requests: 426
2022-11-30 16:20:02,021 - instabot version: 0.117.0 (bot_checkpoint) - DEBUG - Saving Checkpoint file to: C:\Users\angel\OneDrive\Desktop\ODISHA/config/eagle_eye_odisha.checkpoint
2022-11-30 16:20:02,022 - instabot version: 0.117.0 (bot) - INFO - Total follows: 9/62
2022-11-30 16:20:02,024 - instabot version: 0.117.0 (bot) - INFO - Total messages: 10/81
2022-11-30 16:20:02,026 - instabot version: 0.117.0 (bot) - INFO - Total requests: 426
2022-11-30 16:20:02,028 - instabot version: 0.117.0 (bot_checkpoint) - DEBUG - Saving Checkpoint file to: C:\Users\angel\OneDrive\Desktop\ODISHA/config/eagle_eye_odisha.checkpoint
2022-11-30 16:20:02,029 - instabot version: 0.117.0 (bot) - INFO - Total follows: 9/62
2022-11-30 16:20:02,031 - instabot version: 0.117.0 (bot) - INFO - Total messages: 10/81
2022-11-30 16:20:02,032 - instabot version: 0.117.0 (bot) - INFO - Total requests: 426
